剧本杀《问佛》完整文本内容
一、 剧本简介
一声木鱼响。“你渡众生，为何独独忘了我？”佛陀不回答。
二声木鱼响。“到底是我如她，还是她如我？”痴人不回答。
三声木鱼响。“我所求的是她的幸福，为何终究事与愿违？”上天不回答。
四声木鱼响。“即使你如此对我，我为何还是留有遗憾？”心中人不回答。
五声木鱼响。“守戒律清规，觅权利富贵，念善恶慈悲，终是红颜白骨枯朽成灰。”再无需回答。

小和尚浮生不知为何失去了一年的记忆，在住持的指点下，小和尚重回青川城追寻曾经，一路上七嘴八舌的茶客、身怀异香的女子、神神叨叨的道人，共同演绎红尘中一首悲欢曲。
小和尚推开梵音寺破旧的寺门，站在观世的菩提树下，心似面前的佛经正随风翻动。如是我闻，色即是空，三千艳色皆妄语。如是我闻，善恶无常，须菩提开破妄念。
佛曰：由爱故生忧，由爱故生怖，若离于爱者，无忧亦无怖。
佛曰如此，可人间情爱未见分晓，又如何舍得放掉。

二、 角色任务与设定
角色：浮生

介绍：云游和尚，18岁，长得很帅，是个光头。

任务：

找回自己的记忆，寻找失忆的真相。
解决找回记忆期间遇到的事件疑点。
重要提示：本场游戏中共有关键词41个。找出彩蛋关键词可有助于推理，没有找出不影响推理。

NPC列表：

尹念君：男，雄心壮志，守孝在家

陆弦歌：男，赤诚磊落，名门之后

步莲：女，艳色绝世，流落风尘

舒墨：女，出水芙蓉，兰心蕙质

李卿颜：女，金枝玉叶，娴静端庄

三、 剧情探索（按关键词整理）
1. 莲花玉坠
10月11日，我再也无法忍受这种什么都记不清的感觉。我离开思过崖，去寺里找住持。
住持长叹一声：“快一年了，你还是不能放下？”
我跪在住持面前，低着头：“弟子不记得该放下什么，如何放下。”
我将脑海中闪过的片段一一告知住持，住持闭上眼，良久不说话，最终告诉我：“一年前的10月25日，你回到【香积寺】，你跪在我面前，向我诉说凡尘之苦。直到夜间，突然一阵异香袭来，你道一声‘是你’便晕倒在地。你的腰间突然多了这个莲花玉坠。接着你失去了记忆。人有七魄，即喜、怒、忧、惧、爱、憎、欲七种情绪，每一魄都承载着相关了记忆，我推测你失去了一魄，所以失去了某种情绪，也忘记了相关的事情。”
莲花玉坠，玉色盈盈，不似人间物。
(图片链接略)

2. 香积寺
“弟子决意寻回记忆，求师父助我！”我跪在住持面前，头低入尘埃。
住持长叹一声，拿出一颗染着血的佛珠告诉我：“这是你离开香积寺的时候，我交给你的一串佛珠，此佛珠曾供奉佛前，世间妖魔无法毁坏佛珠。我交给你，可以助你震慑妖魔。一年前，你回来的时候，只带了这一颗【染血佛珠】回来。”
(图片链接略)
许久后又道：“去年，你来寻我，说你自己误入歧途心障难消。我本以为你远离红尘之苦，便能静心礼佛放下执念，如今看来是我错了。无法释怀的遗忘于你修行不利，你且去吧，到【青川城】找回你的记忆，如此才知道该放下什么，该如何放下。”
翌日，山门口，住持拍着我的肩不停叹息，似乎想留住我，却最终没有说话。
我背着行囊离开香积寺，亦是不停的回头看香积寺，脚步却没有停歇，我有一种感觉，此一去，我的命运将会就此改变。

3. 青川城
10月20日，我带着佛珠和莲花吊坠到青川城，那是一个民风淳朴生机勃勃的城市。
还未进城，无人问津的算命摊上，便有一个蓬头垢面的道人神神叨叨的对我傻笑。
城门口的守卫一见我，便郑重的向我行礼：“别理那个【疯道人】。浮生小师父，一年前不见，您可安好？”
我拘谨的回礼：“安好，您认识我？”
守卫：“说起来，我得好好谢谢您，一年前，太守带着我们这些小兵去梵音寺除妖，我们哪懂这些，吓得两股战战不敢动弹又不敢逃走。幸好，您及时出现，入梵音寺除妖，您为此身受重伤，青川城里谁不知道。”
我的心不知为何急速的跳起来：“梵音寺？妖？”
守卫絮絮叨叨的说着关于我的一切，在他的口中，我宝相庄严法力高强，行善积德威望极高，一年多前，我到青川城，将荒芜的【梵音寺】重新修缮，一年前，除妖之后，我又不告而别。
我怅然的摇摇头：“对不起，我全都不记得了。”

4. 疯道人
我走向疯道人，问他：“你认识我？”
疯道人说道：“你可知。人生而有三魂七魄，此乃天地馈赠。死物因缘际会下可化妖，若是妖物想要成人，必要历经劫难，修得三魂七魄方得圆满。”
我挠头，不知疯道人为什么要对我说这些。
疯道人神神道道的：“据说千年方能得一魂，一为命魂主身体行动自如，二为天魂主生有所思，三为地魂主生有所求，三魂俱得方有人身，三魂认主，不可随意转换。命魂随身体存在，命魂毁灭则再无生机入葬化骨，失去天魂地魂则生而痴傻。世间所谓孤魂野鬼，即亡者执念太深，导致自己的天魂或地魂游荡世间，却无法触及阳间之人。”
我想起住持的话于是问到：“那魄呢，失去了七魄又当如何？”
疯道人说道：“人生而有七魄，若失去一滴心头血就会被夺走一魄。而妖物修得三魂，方得人形。再历经红尘，尝遍人间百态，每三百年才得一魄。”
我无奈的打断他：“我是活生生的人，你却老是说着妖物如何如何”
疯道人嘿然一笑道：“如今的青川城中，你是第四个失去一魄的人，不，不应该说是第四个人……总之青川城中真是多怪事啊。”
我继续追问：“那我该如何拿回自己丢失的魄？”
疯道人吧唧吧唧嘴，缓缓道：“有人……嘿嘿，或许不是人，反正有个家伙用自己魂魄将你的一魄封印起来。如今那家伙的真身有异常，导致封印松动。若是你能寻回关键的记忆片段，寻回一段，则封印多松动一分。封印完全解除，你的记忆就会全部回来，你的一魄自然归位。”
我立马拱手行礼，对疯道人说：“请道长教我寻回关键的记忆片段的方法。”
疯道人大笑：“人说佛道不两立，你这和尚却谦虚有礼。我来告诉你，你若能找到记忆中的关键物品，贫道便可为你施咒寻回对应的记忆。”
睹物思人，在剧情中寻找相应的物品（【】中的关键词，不能单独使用），输入【xxx+回忆】，寻回“我”失去的记忆（例如：【染血佛珠回忆】），回忆线关键词共有7个。

5. 梵音寺
我一路打听，终于寻到梵音寺，梵音寺处在【城西】的一个僻静处。寺前的石碑用梵文述说着梵音寺的历史，一位大师从西域迎回一批佛门遗物，封存在此地，并且建立梵音寺。如今，世事变迁，梵音寺早已经破败不堪。
我一步步走上台阶，推开梵音寺的大门。大门吱吱呀呀，仿佛在迎接我的归来。梵音寺的各个大殿都布满灰尘，唯独【前殿】中窗明几净不染尘埃。
我四处看了一番，在梵音寺的庭院拾得几颗佛珠，后院有一颗硕大的菩提树，树上挂满了【祈愿布条】，有的写着“何以解忧唯有暴富”；有的写着“夺我所爱者，不得好死！”；有的写着“愿郎君不负相思意”……
后院中央布置着一套流水【醒竹】，数十根中空的竹子接力，能将后山的泉水引到梵音寺。
(图片链接略)
梵音寺中有一处隐藏地点，该地点为两个地点的组合，两处地点均标红，请玩家自行在游戏中探索。此关键词为彩蛋关键词，没有找出不影响推理，找出后则会略微降低推理难度。

6. 前殿
我站在前殿侧边的迦叶殿，仰望着迦叶像，心中有一种说不清的异样感觉。佛前的【蒲团】似乎经常有人坐，上面没有灰尘。蒲团前摆着一部【佛经】，似乎经常被翻阅。
我正在诧异的时候，一个华服女子走了进来，那女子发现了我，她眼神有些慌乱的问道：“浮生师父，您回来了。只有你一个人吗？”
“你是？对不起，贫僧的记忆出现了一些问题。”我记忆中似乎有这女子，但是并不明确。
女子明显松了一口气：“奴家李卿颜，乃尹念君之妻，您或许是在……【城东】见过我，我曾经随夫君到城东去布施。此番来参拜，就是想，唉。”
我感觉李卿颜似乎有什么难言之隐，于是问到：“施主可有什么难言之隐。”
李卿颜思考了片刻，看着迦叶像，良久之后问我：“浮生师父，可知道迦叶与妙贤的故事。”
我点点头，传言在三千多年前，迦叶尊者未出家时，曾遭家人逼婚，迦叶铸一金像，告知所有人“若要娶妻，必如金像”。金像精妙绝伦端严殊妙，当时人皆以为天下地下不可能有人能跟金像媲美，诸人日夜焚香供奉金像，在金像身上涂抹西域香料，对着金像许愿。未曾想，贵族少女妙贤竟然长得越来越像金像。妙贤和迦叶的家人做主，让二人成婚。迦叶忧心不已，但是誓言已出不可违背。迦叶没想到的是，妙贤同样一心向佛。几经波折之后，迦叶和妙贤一同拜入佛陀门下，同归西方极乐。
李卿颜突然问你：“世上先有妙贤再有金像，迦叶先得金像再得妙贤，到底是妙贤如金像，还是金像如妙贤？”
我一时无语，最后回答：“在迦叶尊者眼中，四大皆空，皆是虚妄，并无差别。”
李卿颜愣了一下，先是苦笑，接着放声大笑，笑声中没有丝毫喜乐：“是啊，没有差别，他自有自己的道要走，只要能支持他走下去，是谁根本就无所谓，我不需要寻找答案了。”
李卿颜从袖中取出一个木簪，像是下定决心一样握紧，然后转身离开，步伐坚定而轻松。

7. 城东
城东是青川城中贫苦人家的聚集地，我一出现，便有许多乞儿围上来，拉着我的袖子说：“浮生小师父，你来了，带吃的来了吗？”
我将随身干粮都分给他们，乞儿们才散去。城东的陈阿婆不好意思的说：“小师父莫怪，这些小家伙们就是不放过任何讨要东西的机会，尹念君大官人和夫人来施粥的时候，他们也是这样。”
我摇摇头表示并不在意。
陈阿婆将一个【钱袋】递给我，不好意思的说：“前几日，这些不懂事的小孩摸走了尹大官人的钱袋，我老婆子事后发现拿回来了。本想还给尹大官人，可是尹府高门大户的，我，我不敢进去讨打，劳烦小师父能不能代劳。”
“阿弥陀佛”我拿起钱袋，见陈阿婆越发敬爱，她看起来颤颤巍巍稀里糊涂，实则心如明鉴。
陈阿婆笑眯眯的看着我：“一年未见，您现在……该不会……”陈阿婆捂着嘴笑道：“应该已经跟那位成亲了吧。”
我尴尬道：“施主莫要开玩笑，阿弥陀佛。”
陈阿婆却捂住笑道：“一年多前，浮生小师父曾经偷偷问过我这个老家伙，红尘有情，情到底是什么？我反问你是不是遇到什么人了，才让你对情这个字有了好奇心。你当时忙不迭否认了，但是我看得分明，你的耳朵红得不得了。你当时问的到底是谁，你们两个如今怎么样了。”
不知为何，心中涌起一阵悲伤，我呆呆的回答：“我……我忘记她了。”
陈阿婆犹豫片刻，将一个法杖递给我：“一年前，你将这个【法杖】扔掉，说是自己无颜再用法杖，我本以为您是要还俗。现在您回来了，法杖自然物归原主。”

8. 城西
梵音寺乃闹中取静，百米之外便是热闹的集市。
集市中，茶铺的茶客远远向我招手：“浮生小师父，大约一年前，也是10月份的时候，您失踪了，我还以为是您发生什么意外了。”
这些熟悉的脸庞让我心中涌起一阵暖意，在青川城中原来有这么人多惦记我，我怎么就把这些人这座城给忘记了呢？
茶铺里的茶客一个一个围上来，七嘴八舌的跟我叙旧，将青川城中的变化尽数说给我听。
何八：“听说了吗，那风流之地来了一位新花魁，名字叫步……”
朱七：“啊呸，你这色胚，给出家人说这些做什么。青川城这一年的新鲜事，自然首推尹念君携妻归来。尹念君两年前跟青川郡王之女李卿颜成亲。成亲后不久，尹念君上京赶考，成为金科状元，经青川郡王力荐，被当今陛下点入翰林院。一年前的8月，尹念君家中老父亡故，尹念君带着妻子回到青川城。说起来，哎！”
朱七似乎想起某些往事，长叹一声。
【燕十三】：“哼，哎什么哎，尹念君负了舒墨，如今他倒是火火红红，可怜舒墨不知所踪。”
燕十三愤愤不平的样子，看起来知道许多内情。
【郑大嫂】：“唉唉，我亲眼见到梵音寺中的妖魅害了舒墨，她恐怕是凶多吉少，幸好浮生小师父为舒墨报仇了。”
郑大嫂嗑着瓜子，不住为舒墨感慨。

9. 燕十三
我问起舒墨，绣坊的燕十三絮絮叨叨的说起自己知道的事情。
燕十三道：“许多达官贵人都喜欢舒墨的手艺，人称墨绣。尤其是李卿颜，点名要墨绣。说起来，舒墨自己反倒不舍得穿墨绣的衣服，自己连个好点的首饰也不舍得买，攒下来的钱都给尹念君买补品去了。”
我问燕十三：“舒墨姑娘跟尹念君是什么关系？”
燕十三道：“舒墨是尹念君的邻居，尹念君手不能提肩不能抗的，都是舒墨给他做饭缝衣，赚钱给尹念君买书。舒墨一碰花椒身上就会起疹子，但是尹念君喜欢吃，舒墨将强忍着不舒服给他做，尹念君拦都拦不住。那时候，我真的以为两个人会在一起。”
“那后来呢，尹念君怎么与李卿颜结为夫妻。”
燕十三：“尹念君也争气，一心向学，常常求陆老爷借书给他。陆老爷一向是提携后辈的，自然应允。没想到的是，尹念君在陆家认识了李卿颜。后来尹念君成亲后，唉，舒墨的小脸眼瞅着就瘦下来去了。”
吃瓜的郑大嫂：“舒墨这孩子也太软弱了，要是我非得大闹一场不可。”
燕十三：“可不是吗！她就是怕尹念君难做，尹念君最可恶的便是，负心罢了，偏偏还要做出一副深情的样子，哄得舒墨以为他情非得已。”
朱八：“倒也不是刻意，或许尹念君心里有舒墨，只不过舒墨远远没有他自己的前途重要，这世上有一种人，可以一边伤害对方一边心疼对方。”
郑大嫂磕着瓜子，说些闲话：“唉唉，男女间的感情就是这样，你爱我，我不爱你，说也说不清哟。前段时间，我听说一件事，大约是六月的时候。一个到青川城贩布的西域商人，竟然有人主动联系他，要卖给他一个女子，西域商人看了画像，自此魂牵梦萦。贩卖者也不要高价，只要求西域商人从此不再回到青川城。西域商人本就是偶然到此，自然同意。后来不知为何，此事没有成功，西域商人只能带着画像遗憾回乡。”
几人的话题越聊越偏，我听得头昏脑涨，心中莫名的伤感，“情”之一字果真是饮鸩止渴。

10. 并蒂莲
我带着钱袋来到尹府，正撞上尹念君带着小厮匆匆出门，管家谄媚的笑着送两人离开。
尹念君走远后，管家立刻换了一个面目，啐一声，恨恨道：“不过是一个布衣书生，被我家小姐（指李卿颜）看中，才能飞黄腾达。尹家的产业都是小姐带过来的嫁妆，仕途全靠郡王提携，如今竟敢去逛【怡红院】，看小姐知道了怎么收拾你。”
管家转念一想，又忧心忡忡自语道：“不对，小姐近来转了性子，对尹念君千依百顺，人也变得严肃，再也不欢喜的笑了。这次，或许也不会生气，哎！”
管家摇着头进入里屋，并没有看见踌躇的我。

11. 焦尾琴
我将焦尾琴收起来，准备有机会时还给陆弦歌。在装焦尾琴的布袋中，我发现一份曲谱——相思曲谱。
怡红院里还未散去的围观闲人甲看了一眼曲谱，大呼小叫：“咦，这不是这几日，步莲姑娘弹奏的曲子吗？我此前从未听过，原来是陆弦歌所做的相思曲，看字迹，此曲已经做了两三年了。”
闲人乙将相思曲念出来：“相逢欲话相思苦，百种相思千种恨，零落花不顾。此意为君君不信，泪珠滴尽愁难尽，月明水云中。陆公子情深如许，可惜佳人不领情啊。不对啊，陆弦歌近来从不出门，步莲也刚刚出现在青川城，两人今日是第一次见面，步莲姑娘怎么会唱陆公子的曲子。”
闲人丙：“说起来，今日赢得步莲的尹念君，他的妻子李卿颜正是陆弦歌的表妹，真是剪不断理还乱。”
闲人甲：“不是说尹念君爱妻如命，怎么也跑到怡红院了。”
闲人乙：“嘿嘿，我怎么听说是李卿颜爱尹念君如命，李卿颜堂堂的一个郡王府的大小姐，父亲青川郡王留在京城深受陛下信任。她却日日为尹念君做羹汤、做衣裳，真是叫人羡慕。”
闲人甲：“就你知道的多，那你说说尹念君怎么就把步莲给赎走了。”
闲人乙：“我又没爬人家床底下，我怎么知道。”
闲人甲&丙：“嘁~”

12. 尹家小厮
小厮拿着一些珠宝跟老鸨交涉：“我家少爷（指尹念君）来得匆忙，这是【如意坊】的首饰，先算作定钱，事后一定会补齐。”
老鸨有些不乐意，两人拉扯了好一会儿，老鸨终于勉强同意。
小厮胡乱的抱怨：“说来奇怪，怡红院的丫头给少爷送了点东西。少爷便急匆匆赶来，什么也没来得及准备。少爷之前也没来过怡红院啊。哎呀，少夫人要是知道这件事，会不会闹起来呀。”
我上前安慰有些郁闷的小厮，顺便将尹念君的钱袋交给小厮，让他转交给尹念君。
小厮却摇头道：“这个并蒂莲钱袋是少爷成亲之前就带在身上的，一向是很宝贝的。前几日丢失了，少爷却说丢了也好。既然少爷都这么说了，小师父您就留着吧，不用归还。”
出家人戒浮华，我不愿领受如此精美的钱袋，坚持要归还，小厮无奈告诉我：“每当少爷有烦心事的时候，会到【尹家老宅】呆一会儿，您可以去那里寻他。”
我觉得奇怪，尹念君刚刚帮步莲赎身，怎么反倒烦心起来。

13. 如意坊
我到如意坊的时候，一个小丫鬟正拿着一包东西要卖给如意坊老板花库姹。
小丫鬟：“老板您看看吧，我家里急等着用钱，这些东西都是尹府出来的，应该能换下银子。”
如意坊老板：“该不会是你偷的吧，我可不收赃物。”
小丫鬟：“不是不是，我家少夫人（指尹念君的夫人）从梵音寺回来之后，就把这包东西扔在河里，一边扔一边说‘记住，我是李卿颜，过去的东西都不要了’。我当时看少夫人脸色不对，悄悄跟在她后头，亲耳听到的。”
如意坊：“我瞅瞅，这个木簪做工还算不错……好家伙，怎么还有成亲用的龙凤红烛。”
小丫鬟：“额，这是尹家成亲的时候剩下的，青川城中的红烛都是这个样子的，我拿出来想着以后自己用，现在不是急等着用钱吗！”
如意坊：“拿出来？亏你敢说，这不就是偷！”
我呆呆看着那红烛，突然心中涌起一阵难过，我似乎也曾想过跟某个人共剪红烛，那个她到底去哪里了？
（提示：在尹府相关地点可以找到一些首饰，可使用【如意坊+XXX】格式向如意坊询问，如【如意坊木簪】，此处有两个组合关键词）

14. 尹家老宅
所谓的老宅不过是一间破旧的茅草屋，尹念君在成亲之前，就是在这苦读。
老宅里面纤尘不染，各种生活常用器具齐全，但是没有人生活过的痕迹。我在厨房的架子上发现一本菜谱，封面写着“君如磐石，墨如蒲柳”。菜谱里面用娟秀的字体写着关于尹念君的一切。
“念君今天多喝了两碗八宝粥……”
“念君最近眼睛熬坏了，要做些明目百合粥……”
“念君喜欢花椒，我看他吃就很欢喜。可惜我吃不得花椒，不能与他同食……”
“我知道，你一定是迫不得已……”
一字一句皆是情意，我正在看菜谱的时候，尹念君发现了我。
我将钱袋递上：“我见尹大人将老宅收拾得如此干净，又听闻您时常回到老宅，想必是个念旧之人，此钱袋乃是旧物，特意前来奉还。”
尹念君虽然在孝期，却是官身，故而称为大人。
他接过钱袋，漫不经心的低声道：“原是为了睹物思人，如今人不用思，自然这物也用不上了。”
我一脸迷惑，尹念君又道：“小师父以为，我为何常常到老宅中来。”
我迟疑道：“小厮说，尹大人每当心烦的时候会过来。”
尹念君笑得意气风发：“没错，每当我心烦意乱的时候，就一定要回来，只为了告诫自己，要做出正确的选择，不要让自己回到原来的境地。”
我道一声“阿弥陀佛”，觉得眼前的尹念君琢磨不透。
尹念君意气风发的说：“我以前也读到过一些向妖魅祈愿的记载，但是我知道事在人为，人贵自强，要改变自己的命运，就一定要靠自己。求助其他人，就会受制于人，求助妖魅，便受制于妖魅，我不愿受制任何人任何事。”
我听他说起妖魅似有不屑，心中不喜没有顺着他答话。
“他们都说我是依靠青川郡王府，可是他们不知道我放弃了什么，他们不知道我为了现在的一切做到了什么地步，我一步一步走到今天，绝对不能功亏一篑！”
尹念君更像是对自己说。他反应过来自己说的有些多，舒缓一下表情，见我背着焦尾琴，对我说：“这是陆家的家传之宝，陆弦歌实在糊涂，竟然拿出来赎买一个妓女。小师父可以去【陆家别院】寻陆弦歌。”

15. 陆家别院
陆弦歌不在，我将焦尾琴放下，发现陆家别院的书架上摆着许多书，什么《诗经》、《【青川志】》，都是从陆府带过来的。书桌上摆着一副画像，画像中画着一个女子，女子的脸上有一个胎记胎记。但是这并不影响女子温婉动人之态。我甚至能感觉到，画画的人画这胎记就如同在画女子的鼻子一样，并无差别之心。
过来打扫的陆家奴仆告诉我：“陆少爷跟李卿颜小姐自幼青梅竹马，两人经常到陆家来玩，陆少爷有了新作品都第一时间给李小姐看。但是长大之后，李小姐就越发在意自己的胎记，总是带着面纱。陆少爷为李小姐画像的时候，将胎记照实画上，竟然让李小姐大发雷霆，陆弦歌同样痛心不已。两年前，大约是十月的时候，李小姐的胎记奇迹般消失了，不久之后，李小姐就嫁给了尹念君。陆少爷就是那段时间开始食欲不振的，日日懒在家中不出门。”
正在说话的时候，一个捕快跑过来，严肃的对我们说：“浮光小师父，您也在啊，陆弦歌晕倒在梵音寺的【菩提树下】了。”

16. 青川志
青川志记录了青川城自立城以来的一些轶事奇闻。
梵音寺立寺数百年，忽有一日，妖魅化为人形，身有异香，蛊惑僧侣。梵音寺住持不空大师，自愿剜一滴心头血，使妖魅真身不得逃离梵音寺。不空大师一生慈悲，不管面对何种恶人恶事都能和颜悦色，做到以德报怨，寺中戒律房形同虚设。
不空大师常常夜半时分，独自一人在迦叶殿诵读经文，日复一日，宝相越发庄严。不空大师眉心天生红痣，被青川城中人认为有成佛之相。
不空大师圆寂之后，梵音寺盛极而衰，加上妖魅夜半长吟，梵音寺终成空寺。
世人好鬼神之说，惧者有之，向往者有之。常有好事者以为妖魅可实现心愿，暗中前往祈愿，不知者争相效仿，菩提树枝头遂挂满祈愿布条。
得一愿失一魄，可乎？

17. 菩提树下
陆弦歌晕倒在菩提树下，指甲里满是泥土，嘴里喃喃说着：“是我搞错了，不是你不是你……”
看起来，陆弦歌晕倒前正在挖什么东西，我细细寻找，发现有一颗佛珠被半埋在菩提树下。我觉得奇怪，若是散落到此，也应该是地面上，怎么会被半埋起来。我尝试挖掘菩提树下的泥土，果然又发现了两颗被深埋的佛珠，而随着佛珠一起呈现在我眼前的，是一截腐烂的手指……
捕快率领众衙役挖掘出一具腐烂的尸体，仵作判断死者已经过世三月有余。那是一具布衣女尸，全身溃烂，不可辨认。我注意到那尸体的周围，埋入了几颗新鲜的菩提果，菩提果是10月成熟。
仵作命人将女尸抬出来，仔细查看，仵作将女尸的衣物褪去，我注意到死者虽然衣着简陋没有首饰，但是贴身的肚兜却是十分精美，捕快认出肚兜是墨绣织就，我则认出肚兜跟并蒂莲钱袋是一样的织法。
仵作还发现，死者脱去外衣后，里面的中衣上沾着一些棉絮，女尸的脚踝有一些破损，像是死后造成。
死者的喉咙处有不同寻常的灼伤，经检验是被灌了【失声药水】。
衙役又在附近寻找，发现一处落叶中埋在一把带着干泥土的铁锹，铁锹上有铭文“冯铁匠”。冯铁匠认出，这铁锹为新制的，他的账本记录：7月1日半夜，【陆家书童】上门购买铁锹。

18. 失声药水
吴大夫承认，一年前的11月左右，有一个蒙面的女子悄悄来购买过失声药水，这种药水可以让人暂时失声一年。

19. 陆家书童
书童被带到衙门，名门陆家主，守孝的尹念君翰林都在堂上旁听。
用刑之后，书童终于说了实话：“事情是这样的，我家少爷最近两年来食欲大减，终日闲散，于是陆老爷让我带着少爷到陆家别院静养。大约6月的一天，【鸿宾楼】的掌柜来送些吃食，跟少爷聊了两句，好像提到了李卿颜，少爷便开始心事重重，总是独自往外面跑。7月1日晚上亥时，少爷突然回来，寻一把铁锹。我平时哪里用过这个玩意，于是到冯铁匠处买了一把新的。然后跟着少爷到梵音寺的【戒律房】，门是开的，进去之后里面竟然躺着一个面目全非的女子，已经没气息了，然后……我们两个一起用铁锹将死者埋在菩提树下。”
陆家主大喝一声：“胡说八道，弦歌怎会杀人！”
书童：“我……我没说人是少爷杀的啊，呜呜……可怜的少爷这两年一直怏怏的，身体十分虚弱，他哪里有力气杀人，前不久偶然听到步莲姑娘的琴声才有些精神，他昨日还跟我说，今天要见步莲姑娘确定一件事……现在却……呜呜。”

20. 鸿宾楼
鸿宾楼的何掌柜回忆了许久，终于想到自己在三个月前曾在晚上看的李卿颜独自一人提出食盒离开梵音寺，何掌柜觉得奇怪，李卿颜为何提着食盒，又为何独自一人。由于一直在思考这件事，见到陆弦歌的时候提了一嘴。

21. 戒律房
如书童所言，戒律房中一切都没有动。戒律房处在梵音寺的一个角落，是一个石头房子。
戒律房中里面有简单的生活用品，床上有破旧的铺盖，被子有些破损，露出里面的棉絮。
进去之后可以看到，房桌上有已经发霉的吃完的饭菜和一个【水杯】，以及铺好的铺盖，戒律房外面的角落有一个食盒，食盒里面是齐齐整整的发霉食物和酒水，戒律房外面还发现一些白布和铁丝。
戒律房的门是一个生锈的铁栅栏门，成人无法通过栅栏缝隙，栅栏的底部有三指的缝隙。除此之外没有其他出入口，只是房桌上的对面那堵墙上有一个离地两米多高的小窗户，成人无法通过。
“戒律房的钥匙在哪里？”我问一起来查看的衙役。
衙役摇摇头说：“不知道，梵音寺废弃之后，官府清查过一次，【官府库房】中应该有记录。不过看锁眼生锈的情形，大门很少打开，一年内恐怕只打开过2-4次。”

22. 水杯
水杯中检验出百毒丸的残留，服用后一个时辰会全身溃烂而死，百毒丸可以在江湖消息灵通人那里买到。

23. 官府库房
官府库房的主事一边抱怨一边说：“今天怎么老是有人来查看梵音寺的旧物，我看您曾是梵音寺的主事人，才放您进来，一般来说没有官身的人是不让放进来的。这梵音寺建立之初，收藏了一批佛门遗物，就是西域那些佛门智者圆寂之后留下的物件。一年前，太守带人查抄了梵音寺，不重要的只是记录在案保持原样，重要的就收归官府保管。”
我查看记录文册，发现戒律房确实只有一把莲花纹钥匙，钥匙不在库房中。记录文册还写着：“佛门遗物包括：迦叶铸等身金像藏于地窟、迦叶像手中金刚杵用于降魔镇妖、孔雀明王羽毛。尤其是那个金刚杵，我记得上面的铭文记载，正午时分使用金刚杵，可使妖魔现形湮灭，您说这是真的假的啊。”
(图片链接略)
库房主事依旧在絮絮叨叨：“这上面的好多记录都是抄录梵音寺的残留记录，那些羽毛啊饭碗啊，看着就是平凡的东西，没什么稀奇的。尤其是那个金像，根本没见过，要是真是金的，恐怕让人熔了……咦，金刚杵怎么也不见了，昨天我还瞅见一眼的。不管了不管了，收工早点回家，明天还要去【尹府】喝喜酒呢。”

24. 尹府
尹府正在张灯结彩，准备明日迎步莲入府。
小厮甲：“少爷到底在想些什么，给那个步莲这么大的排面！他是不是忘了，尹府的一切都是青川郡王府帮着置办的。”
丫鬟乙：“有什么办法，少夫人一向是对少爷用情至深，言听计从的，还是那个步莲太不要脸，什么龙凤喜服、宫灯耳环、碧玉手串，提一大堆要求。少夫人前段时间一直心绪不宁时常梦魇也不太爱出门，好不容易近来才好点，如今……唉，【尹府厨房】的饭菜备好没有？”
尹府有些混乱，我见到珠光宝气柔柔弱弱的李卿颜麻木的站着，眼中尽是落寞。
我上前打声招呼，又问她：“你没事吧。”
李卿颜却道：“我早已经决定了，会支持他的一切决定。他要的，我一定会给他。”
说完，抹抹脸抖擞精神的指挥下人进行布置。她走开的时候，不小心遗落了【荷包】。
我看着混乱的尹府，心想能不能趁机潜入【尹府内院】查些东西。

25. 荷包
李卿颜的荷包，表面上平平无奇，但是打开一看，荷包里侧都是用的墨绣的手法，荷包中有一把莲花纹钥匙。
如今她失魂落魄才会遗失荷包，若是平常，这个荷包是李卿颜贴身携带，从不离身，也从来不打开。

26. 尹府厨房
尹家的厨师正在紧张的准备明日的食物，我在厨房角落看到许多食盒，于是询问大厨近来有没有丢失过食盒。
大厨甲：“有没有丢失食盒……说实话，我不知道，没人数这个。最近厨房确实经常少一些食物，但是我仔细调查过，府中的下人都没有擅自偷取。而且谁都进入厨房，额，除了尹少爷，他从来不进入厨房，根本不知道有食盒这回事。”
大厨乙：“不对啊，我怎么记得，尹少爷来找过厨房找过你。”
大厨甲：“啊，有吗？哦哦，我想起来了，去年11月份的时候，尹少爷过来跟我说，以后在少夫人的吃食里千万不要加花椒，而且这事悄悄的办，我自己知道就好，不要声张。那次，尹少爷就站在门口，没进来啊！”
大厨乙：“难怪昨日少夫人找你问花椒什么的。”
大厨甲：“少夫人昨天察觉到自己的吃食里没有花椒，来问过我了，她当时失魂落魄的说着‘怎么会，应该分辨不出来啊，我得去问问她……’就走了。”

27. 尹府内院
我悄悄走进去，一路上避开人，一直到尹念安的书房。书房的一个盒子里，里面有一个被白布包着的东西，还有一封被揉起来的信，信纸包着一个花纹繁复的银镯。
展开信之后，看到上面写着：“我身陷怡红院，你必须要救我离开，否则我就在怡红院揭穿那件事。——步莲”
我正准备继续查看的时候，听到外面有下人说话的声音。
下人甲：“你今天穿新衣服了，果然是夫人的心腹，待遇比从前的【苏丫头】好多了。”
侍女乙：“什么呀，这是七月二日那天早上，少夫人心烦意燥的让我拿去烧掉的。我看上面就是沾上了铁锈，料子还是挺好的，所以拿来改改。说来奇怪，七月一日，白天我还见过少夫人穿着这件衣服，那时候衣服上干干净净，到底是哪里沾上了铁锈，嗨呀，少夫人最近总是神神秘秘的。”
下人甲：“好像也是七月一日，晚上亥时的时候，我看见少爷从后门回家，袖子都打湿了。他怎么就不让我拿回去，我也能改件新衣服。”
侍女乙：“铁锈洗不干净，水渍又没什么大碍。”
下人甲：“也是。对了，少爷快回来了吧。据说他找太守和捕快把案情仔仔细细问了一遍，快到晚上了，该回来了。”
我听到他们的对话，于是急忙离开。

28. 苏丫头
李卿颜的贴身丫鬟苏丫头早已经离开尹府。
苏丫头：“我原本随她嫁入尹府，如今……我可没什么好说的。大约从去年11月份开始，好像就是有一天出门，我突然脑袋一疼晕倒之后，她处处看我不顺眼，不再重用我。今年6月的时候，尹少爷从前给她画的一幅画像不见了，明明过年的时候，她自己收起来的，她竟然怪到我身上，将我逐出尹府。”
我有些头疼的揉揉太阳穴，继续问：“这么说李卿颜对尹念君用情至深。”
苏丫头：“浮生小师父，你是不知道啊，当年李卿颜是在街上遇见尹念君跟舒墨的，尹念君看着舒墨的眼神好像黏上去一样，让李卿颜羡慕不已，回来就开始念那些酸诗，什么愿得一心人之类的。后来，李卿颜派我到处打听尹念君和舒墨的情况，学着舒墨刺绣，学着做菜，学着写字提诗，甚至学着舒墨的样子穿布衣戴素钗，除了墨绣实在学不会只能靠买的之外，其他的都学了七八分。说来好笑，郡王府哪里舍得真让她穿布衣素钗，为了李卿颜的要求，特地用丝绸仿成布衣，用珍珠仿成素钗。”
我：“我怎么听说，李卿颜一直为脸上的胎记耿耿于怀。”
苏丫头：“是啊，李卿颜因为这总是带着面纱。其实她没病没灾，身强体健的，出身又好，性格随和爱笑，完全没必要在意的。大约是两年前，一天醒过来后，她脸上的胎记突然就消失了。当时她摸着脸，自言自语道‘他永远都会记得我有胎记的样子，我却可以是他眼中最完美的样子’。没几天，李卿颜就向尹念君告白，尹念君其实有些犹豫，但是依旧答应了。”
我：“李卿颜所说的‘他’是陆弦歌还是尹念君？”
苏丫头：“或许……都有吧……话又说回来，什么愿得一心人，尹念君如今还不是要迎步莲入府，我看满城都在看李卿颜的笑话！”
说话间，尹府管家找过来，郑重的对你说：“明日【喜宴】，浮生大师务必前来做个见证！”
我疑惑道：“在下不过是小小的僧人，远离红尘俗世，为何要我见证婚事。”
管家摇头：“少爷（指尹念君）说您是降妖除魔的大师，所以邀请您，哎，我也听不明白，您赏脸参加便是。”

29. 喜宴
10月21日，正午时分，尹府喜宴。
红色的绸缎，红色的灯笼，红色的喜字，八抬大轿进门，一个仆妇牵着步莲缓缓下轿。
步莲穿着红衣，珠帘遮面，宫灯耳环微微随步伐晃动，向堂前的尹念君走去。
尹念君伸出手，步莲亦伸出手。
那一瞬间，我突然有一种异样的感觉，似乎有事即将发生。
宾客中，陆弦歌病歪歪站在人群中，满脸怒容，似乎马上要冲出来。
同样是堂前，李卿颜面无表情的看着步莲，双手交叉放在身前。
提示：请玩家统计一下现在开启的关键词，如果没有完全开启，可以先返回前文，重新调查。
注意：剧本从【引子】开始计算共有关键词41个，其中物品关键词7个，地点关键词18个，人物关键词6个，回忆关键词7个，组合关键词2个，彩蛋关键词1个，找出彩蛋关键词可有助于推理，没有找出不影响推理。
下阶段投票问题如下（此处仅做为推理参考）：

步莲的真身是？ (选项略)

步莲爱慕的人是？ (选项略)

郑大嫂晕倒的原因是？ (选项略)

怡红院的步莲真实身份是？ (选项略)

菩提树下的女尸真实身份是？ (选项略)

喜宴开始前，失踪的舒墨在哪里？ (选项略)

以下谁没有失去魄？ (选项略)

杀害菩提树下女尸的真凶是？ (选项略)
以下为结局题，不计分：

喜宴上，‘我’隐约感觉会有事发生，‘我’要注重防备谁？ (选项略)

所有能找到的关键记忆片段都在这里，只要“我”愿意就可以马上找回对“步莲”的记忆。“我”选择？ (选项略)

30. 怡红院
我在怡红院前徘徊良久，怎么也不好意思进去。
“浮生小师父，你要进去吗？”一个背着东西的清隽男子叫住你。
“你是？”
“我是陆弦歌啊，你也是来看步莲的吧，快进来。”陆弦歌不由分说拉着你进去。
一路上，不少人跟陆弦歌打招呼。
“陆公子，许久不见，我们何时再一起斗鸡啊。”
“没兴趣，而且我也不记得你。”
“陆公子，我们一起赛诗，一起寻美味，你总记得我吧。”
“不记得，不记得。”陆弦歌不耐烦的穿过众人，拉着你到前排就坐。
怡红院中人头骚动，路人议论纷纷：“怡红院新来没几天的步莲姑娘，步莲姑娘是怡红院的老板无意中在梵音寺门口捡到的，玉骨冰肌活色生香，据说性情刚烈几欲寻死，如今总算是熬不住了，今日第一次见客，就吸引了怎么多人。”
怡红院二楼，一个红色纱帘徐徐升起，所有人屏住呼吸，一个柳眉星眼粉妆玉砌的女子走出来，我能隐约闻到奇异的香味，这分明就是我梦中的那个绝色女子，可是为什么眼前的她，如此陌生。我转动一下手心的佛珠，直直盯着步莲，她对我的注视却没有任何反应，她似乎在寻找什么人。
“之前老鸨只让咱隔着帘子看一眼，听听步莲姑娘弹琴，今天可算是出来接客了。”这是城中的钱富户。
话音未落，陆弦歌一跃而起，对着老鸨高声道：“我要给步莲姑娘赎身，诸位做个见证，我要娶她为妻。”
这番话赢得哗然一片，陆弦歌不为所动将背上的东西拿出来，对老鸨说道：“此琴流传千年，换她一人。”
步莲震惊的看着陆弦歌：“这是，【焦尾琴】？？陆家的传家之宝吗？陆弦歌你疯了？”
还没等老鸨回复，另一个声音传来：“一千金，赎步莲姑娘一人，应该够了。”
竟然是尹念君，他站在人群中，面无表情的看着台上的步莲。步莲目不转睛的盯着尹念君，抬手指着他，半个眼神都没有再给陆弦歌。
步莲要求尹念君明日以八抬大轿来迎她进门，还要大宴宾客，尹念君点点头抬腿就走，留下一个【尹家小厮】跟老鸨接洽。
至于陆弦歌，他失魂落魄的离开，嘴里喃喃说着：“我记得你的眼神，我能一眼认出你，可你还是选他……”，连焦尾琴也没有带走。

31. 郑大嫂
我问起梵音寺里的妖魅，郑大嫂磕瓜子的手顿了一顿，缓缓说道：“我就住在梵音寺附近，第一次见到妖魅是去年的事情，我见到舒墨那孩子偷偷进入梵音寺。我知道她跟尹念君的事情，心里担心她，于是跟上去，接着就闻到一股异香，远远看见舒墨正对着一个浑身发光的人，好像在流血。我正要叫住舒墨，突然就脑袋一疼，必定是妖魅想杀人灭口，幸好我身强体健，只是晕倒了。后来舒墨找不着了，我第一时间就想到了那晚，于是报告太守，果然梵音寺里藏着妖魅。浮光小师父，幸好你当时除妖卫道。”
我：“……我……您刚刚说‘第一次’？”
郑大嫂：“是啊，第二次是今年8月份的时候，我吃撑了半夜失眠，到梵音寺溜达，听到前殿有一个女子的声音在说话。”
郑大嫂正正身子，做成小女子的姿态：“我没有心头血能滴在祈愿布条上，唯有跪拜百日以表诚心，以我剩下的魂魄许愿这具身体能离开梵音寺，借我一用，让我亲自……”
说道此处，郑大嫂恢复吊儿郎当的样子继续说：“我听到那女子如此说，循声却见到一个半透明的影子！当时吓得我够呛，后来疯道人说，子夜时分，阳气最弱，孤魂野鬼能现形片刻。”
郑大嫂想了想接着说：“8月份那次倒是没有闻到异香，我想想啊，前年有异香，去年舒墨出现那次有，今年的10月也有，具体日子倒是记不清了。”
朱七：“这要是我，得吓得当场搬家。”
郑大嫂：“现在房价多贵啊，反正……又没吃了我。”
朱七&何八：“你心真大！”

四、 记忆寻回（按回忆关键词整理）
1. 染血佛珠回忆
“天地玄宗，金光速现。视之不见，听之不闻。包罗天地，万神朝礼。洞慧交彻，急急如律令！”随着疯道人的吟唱，我陷入回忆……
一串共三十二颗佛珠，颗颗都受佛法熏陶，法力无边。
我扯断丝线，催动法力，让三十二颗佛珠绕在周身，在众多衙役的注视下，缓缓走入大殿。
大殿之中，步莲带着淡淡的笑意看着你，盈盈之中透出悲伤：“原是我料错了人心，此番咎由自取。”
“只要你说，说你什么都没干，我就一定会相信。”我有些急切的想从她口中得到答案。
步莲依旧是笑着摇摇头：“不，是我用了法术，我让她失去了自己。我已经成为你的心魔，除了我，你便依旧可以做回得道高僧。我因三千年前的一缕执念化妖，执念难消不得解脱，你动手给我一个痛苦吧。”
“你以为我不敢吗？”我大喝一声，催动佛珠。
佛珠飞舞，步莲的发丝被吹动，步莲一动不动，她闭上眼，没有丝毫反抗。
佛珠马上就要击中她，她的嘴角甚至带着笑意。
最后一刻，明明佛珠即将击中的是她，我的心却如同被刀砍斧凿。
贪，贪的是跟她在一起的片羽时光；嗔，嗔的是她的断然拒绝；痴，明知她是妖，明知不该放过她，终究是不舍。贪、嗔、痴让我犯下伤人的恶行，我的心魔因她而起，除了她，心魔真的能消吗？
“不要。”我强行收回法力，佛珠骤然失控，四处乱飞，其中一颗，击中了我的心口，心头血滴落，口中鲜血喷溅，原来，那染血佛珠上的血是我自己的。
我捂着伤口，转身不看步莲，告诉她：“一个心愿换一魄，我许愿你能与所爱之人携手共老此生无忧。”
我往外面走去，对着等在外面的所有人大声说道：“妖魅已除！”说完便晕倒在地……
我回过神来，发现自己泪流满面，疯道人一脸古怪的看着我嘀咕了一声：“一愿换一魄，你所许之愿却是永远实现不了的，难怪那一魄仅仅是被封印。”

2. 祈愿布条回忆
我站在菩提树前，无奈的看着那些新挂上的祈愿布条。
“嘻嘻，这些祈愿布条多了许多，可亏了浮生小师父。”妙曼女子出现在身后。
“喂，你怎么总是如此神出鬼没！还有，我重开梵音寺可不是为了让香客们来挂布条的。”我越发无奈。
“原本，他们害怕妖魅的传说，只有大胆的敢来挂布条，如今有浮生小师父坐镇，那些香客自然无所畏惧，祈愿便越发多了。至于我嘛，我现在是离魂出窍，魂魄只能在夜晚行走人间，阳间之人无法得窥，这不是常识吗？”女子依然理直气壮。
“你是魂魄状态，可是……我能看到你啊。”
“你要为我念经，我自然让你看到碰到。旁的人，只有在我带着真身的时候，才能看见我。”女子随意的答道。
“我一直不知道你的真身到底是？”我疑惑的问。
“嘻嘻，这是我的秘密。我的魂魄附在真身之上的时候，真身也能日夜活动自如，但是妖魅的真身可是顶顶要紧的，若是被孤魂野鬼附身，我就没身体了！所以……”
我委屈极了：“阿弥陀佛，我就是随口问问，你这妖魅好生聒噪。”
女子又岔开话题：“我早就不爽了，你不是叫我妖魅，就是叫我喂，太不礼貌了。”
我盯着她头上的莲花发冠，脱口而出：“那我叫你步莲如何，取的是……佛祖步步生莲的典故。”
女子思索片刻，欢快的转着圈：“不错，这个名字不错，我就叫步莲。等我有朝一日见到他，要告诉他我有名字了。”
我看着她纤细的脚踝，心中想的却是纤腰婉约步金莲，妖君倾国，犹自至今传……
我回过神来，发觉自己的嘴角带着笑意，疯道人笑嘻嘻的看着我，看得我倒有些不好意思。
步莲，步莲，这就是我忘了却又想要追忆的人吗？那么她现在又在何处？

3. 醒竹回忆
是夜，庭中观月，醒竹引山泉水，潺潺而下。步莲有些叽叽喳喳的说着菩提树上的鸟窝，埋怨引水的竹子太过细小，调侃前来寺庙求姻缘的男男女女。
我握着扫把，一面听着一面缓缓打扫庭院，不知不觉嘴角泛起笑意，偶尔随口回应她两句。她说起小乞丐们太过顽皮，要是能找机会戏弄一下便好。我立马提醒到：“你切勿用法术在凡人身上。你一动用法力，我就会闻到异香，这异香比你身上的更加浓郁，所以休想暗中施法。”
我随口一说，继续扫地，步莲却陷入诡异的沉默。
许久后，我的背后传来声音：“你怎么知道我施法的时候会有浓郁的异香？自你来后，我只施过一次法，你是不是看到了？”
我装作毫不在意的继续扫地，不去回头看她，心中却如同惊涛骇浪。
“你是佛门弟子，见我这妖魅施法于人，为何不阻止。”步莲的语气有一种说不清的意味。
“我信你。”我依旧装作若无其事，我有一种感觉，似乎某种虚妄的泡沫会被打破。
“你我相识尚浅，你不该如此。你是佛门弟子，这样不对，你不该是这样的，你应当慈悲为怀，应当金刚一怒，应该四大皆空。你……你是不是……是不是，是不是……”步莲有些语无伦次。
而我深吸一口气，回答道：“是，我发觉的时候，已是难以自禁。”
我鼓起勇气回过头，正对上她有些惊慌又失望的眼睛……
“喂喂，你的表情为何如此难过，都过去了，只是回忆而已，切勿深陷其中。”疯道人推了我一把，提醒到。
我深吸一口气，四大皆空她未空，六根清净心不静，难道这就是住持罚我的原因？

4. 蒲团回忆
一身劳累过后，梵音寺已经被清扫一遍。我坐在迦叶殿前的蒲团上打坐，不知不觉竟然睡去。
“喂喂，和尚，太不诚心了，竟然在佛前睡去。”一只冰凉的手指戳了戳我的脸颊。
我睁开双眼，正对着一双盈盈美目。我慌了神，不由自主的跳起来，离那女子三步远。
“贫僧浮生，游历至此，立志要重振梵音寺，便擅自在此住下，劳累之下竟然在佛前睡着了。”我快速打量女子一眼又低下头，暗自念一声色即是空，空即是色。
“回来就好，但是竟然不跟我打声招呼，太过分了！”女子插着腰，有些气鼓鼓的。
我努力回想了一下，确信梵音寺确实是无主之寺，于是小心问道：“施主是何人？我住在这里，为何还要跟施主打招呼？”
女子依然气鼓鼓的，理直气壮的回答：“听好了，我便是从建寺之初就住在这里的妖魅，你既然住在这里，便要负责给我讲经，度我到西方极乐。”
“原来是妖……嗯？啊！”
回忆戛然而止，我诧异的睁开眼，疯道人嘿然看着我，提醒道：“你在青川城中四处逛逛，说不定能找到更多的记忆。”

5. 法杖回忆
是新月夜，我悄然走到一位胖大嫂背后，她全神贯注的看着远处，有一个人被菩提树遮住，只能隐隐看见她周身流光溢彩，散发出奇异的香味；另一个女子衣着简陋，头上只是带着一根木簪，她痛苦的捂住脸，心口似乎有一丝血迹。
我攥紧佛珠，心乱如麻，最终举起了手中的法杖……
“喂，和尚，你为何目露凶光。”疯道人惊恐又不满的对我说。
我摇摇头表示自己也不清楚，然后将记忆中的人说给疯道人听，疯道人仰头思索道：“那位胖大嫂听起来像是郑大嫂，她一向心宽体胖，而且住在梵音寺附近。”

6. 佛经回忆
我飞奔回梵音寺门口，正看到太守训斥衙役和捕快。寺外是太守的雷霆之怒，寺内是妖风大作。
太守一见到我，便冷冷道：“浮生和尚，你可知罪。”
我不解道：“贫僧所犯何罪。”
太守怒道：“你放任寺中妖物为祸青川城，郑大嫂已经供认，就是寺中的妖魅害了女子舒墨。”
我：“不可能，寺中没有……没有害人的妖物。”
“那这是什么！”太守指着寺中随风盘旋的树叶，对我说道：“浮生和尚，你既然没有镇压那妖物，便由我烧了这梵音寺，为民除害。”
我拦住太守：“太守！佛门中人除魔卫道是本分，此事由我来了结，我一定会给你一个交代。”
我顶着狂风，一步步的的走向梵音寺，念着除魔的楞严咒……
我怔怔的看着眼前的疯道人，心中似乎缺了一块，疯道人低头嘀咕着：“情这个字，真是一点都沾不得，一个是这样，两个是这样，全都是这样。”

7. 钱袋回忆
我发现她的真身上带着奇异的香味，我曾经问过她这是什么香气，步莲只是含糊的回答：“我诞生之后，曾受过许多供奉……”
那一日，似乎是某个月圆夜，尹念君带着自己的夫人来梵音寺参佛，我跟尹念君谈及佛理，相谈甚欢，一直聊到晚上。
尹念君夫妇郎才女貌眉目含情看起来十分恩爱。尹念君腰间正系着并蒂莲钱袋，他们布施完成离开之后，步莲突然出现，步莲久久看着他们的背影，忽而对你说：“两人如此恩爱，岂能轻易撼动，你说是不是？”
我有些莫名其妙：“人心难测，谁知道呢。”
步莲忧伤：“生老病死，爱别离、怨憎会、求不得，处处皆苦。得不到苦，可是得到了就真的不苦了吗？”
我不知步莲为何突然惆怅，不知所措的拍拍她肩膀，算是安慰。
步莲看一眼我笨拙的手，噗呲一声笑了，对我说：“小和尚，我的真身无法离开梵音寺，渐渐的也就将梵音寺当成了家。如今看来，幸好我无法离开，和你同住梵音寺也很好。”
“啊……哦……”我不知道如何回答，耳朵有些烫。
“你很好很好。”步莲凑近一些， 我不由得后仰。她呵气如兰：“好就好在，你此时此刻就在我眼前，活在三界五行中，可以碰到，可以听到，可以看到。”
步莲将头靠在我的肩头：“你像他一样，一样的一心向佛，一样的超脱红尘，一样的不可能。能不能为我念经，就讲拈花一笑那段。”
“佛陀拈花示众，是时众皆默然，唯迦叶尊者破颜微笑……”我打开佛经，面对着迦叶像，念着千年前的经文，语调不知为何比平常要欢快一些。
她一字一句听着，不知不觉枕在膝头，她背对着我，头微微上扬，青丝如瀑。
我听到她在问：“……你渡众生，为何独独忘了我……”
我俯下头想要听清她到底在说什么，发现她早已经睡去，原来是梦话。
四大皆空，万物皆虚妄，唯有她的颜色愈发明亮……
疯道人摇摇头，看着陷入沉思的我，对我说：“青川城中将起祸事，一切源头皆在梵音寺。至于你，你心中一定有许多迷惑，且在城中寻一些故人，或许会有新的发现。”
我迷茫的点点头，拿起手中的钱袋，抚摸上面的【并蒂莲】纹路，心想先把钱袋交还给尹念君吧。

五、 组合关键词
1. 如意坊银镯
如意坊的花老板听我描述完银镯之后，噗呲一声笑了:“小师父怕是搞错了，那不是手镯，而是脚镯。嘻嘻，脚镯十分私密，不知道小师父是看到了谁的脚镯子。”
我有些尴尬，岔开话题问：“这脚镯子，都有谁买过？”
花老板：“我瞅瞅，东街的王二丫，西铺的刘小小，可多了。不过这些平常人家买的都是同一样式的便宜货，郡王家的李卿颜出生的时候，特意定制了一个脚镯，那镯子精美至极，自幼佩戴无法取下。”
(图片链接略)

2. 如意坊宫灯耳环
“宫灯耳环？你是说尹家定制，